<?xml version="1.0" encoding="UTF-8"?>
<!-- Generated by org.testng.reporters.JUnitXMLReporter -->
<testsuite hostname="LenovoL420-13" ignored="0" name="Test(failed)(failed)" tests="1" failures="1" timestamp="15 Nov 2018 10:07:47 GMT" time="3.017" errors="0">
  <testcase name="seprate" time="2.969" classname="sepration.testcases.SeprationPage">
    <failure type="java.lang.NullPointerException">
      <![CDATA[java.lang.NullPointerException
at sepration.pages.applyseparation.sidebar(applyseparation.java:31)
at sepration.testcases.SeprationPage.seprate(SeprationPage.java:19)
... Removed 25 stack frames]]>
    </failure>
  </testcase> <!-- seprate -->
</testsuite> <!-- Test(failed)(failed) -->
