<?xml version="1.0" encoding="UTF-8"?>
<!-- Generated by org.testng.reporters.JUnitXMLReporter -->
<testsuite hostname="LenovoL420-13" name="Default test" tests="5" failures="0" timestamp="1 Oct 2018 18:57:13 GMT" time="69.904" errors="0">
  <testcase name="tc001_login_loginfunctionality" time="4.253" classname="org.automation.testingworld.testcases.TC001validateloginpage"/>
  <testcase name="tc001_login_loginfunctionality" time="5.565" classname="org.automation.testingworld.testcases.TC001validateloginpage"/>
  <testcase name="tc001_login_loginfunctionality" time="3.104" classname="org.automation.testingworld.testcases.TC001validateloginpage"/>
  <testcase name="tc001_login_loginfunctionality" time="5.202" classname="org.automation.testingworld.testcases.TC001validateloginpage"/>
  <testcase name="tc001_login_loginfunctionality" time="3.024" classname="org.automation.testingworld.testcases.TC001validateloginpage"/>
</testsuite> <!-- Default test -->
