<?xml version="1.0" encoding="UTF-8"?>
<!-- Generated by org.testng.reporters.JUnitXMLReporter -->
<testsuite hostname="LenovoL420-13" name="Test(failed)" tests="1" failures="0" timestamp="28 Sep 2018 18:33:29 GMT" time="0.009" errors="0">
  <testcase name="@BeforeMethod initiatedriverinstance" time="0.0" classname="org.automation.testingworld.testcases.TC001validateloginpage">
    <failure type="java.lang.NullPointerException">
      <![CDATA[java.lang.NullPointerException
	at org.automation.testingworld.base.base.initiatedriverinstance(base.java:19)
... Removed 26 stack frames]]>
    </failure>
  </testcase> <!-- @BeforeMethod initiatedriverinstance -->
  <testcase name="tc001_login_loginfunctionality" time="0.002" classname="org.automation.testingworld.testcases.TC001validateloginpage">
    <skipped/>
  </testcase> <!-- tc001_login_loginfunctionality -->
</testsuite> <!-- Test(failed) -->
